{"/Users/Taivnaa/Desktop/hack-reactor/FEC/Local-Review/client/components/AllReview.jsx": {"path":"/Users/Taivnaa/Desktop/hack-reactor/FEC/Local-Review/client/components/AllReview.jsx","statementMap":{"0":{"start":{"line":6,"column":22},"end":{"line":20,"column":1}},"1":{"start":{"line":24,"column":4},"end":{"line":24,"column":17}},"2":{"start":{"line":25,"column":4},"end":{"line":27,"column":5}},"3":{"start":{"line":28,"column":4},"end":{"line":28,"column":65}},"4":{"start":{"line":31,"column":4},"end":{"line":33,"column":6}},"5":{"start":{"line":36,"column":24},"end":{"line":36,"column":34}},"6":{"start":{"line":37,"column":22},"end":{"line":39,"column":6}},"7":{"start":{"line":38,"column":6},"end":{"line":38,"column":33}},"8":{"start":{"line":40,"column":22},"end":{"line":42,"column":6}},"9":{"start":{"line":41,"column":6},"end":{"line":41,"column":34}},"10":{"start":{"line":43,"column":20},"end":{"line":45,"column":6}},"11":{"start":{"line":44,"column":6},"end":{"line":44,"column":31}},"12":{"start":{"line":46,"column":20},"end":{"line":48,"column":6}},"13":{"start":{"line":47,"column":6},"end":{"line":47,"column":31}},"14":{"start":{"line":49,"column":4},"end":{"line":101,"column":5}},"15":{"start":{"line":53,"column":35},"end":{"line":53,"column":65}},"16":{"start":{"line":54,"column":35},"end":{"line":54,"column":71}},"17":{"start":{"line":55,"column":35},"end":{"line":55,"column":72}},"18":{"start":{"line":56,"column":35},"end":{"line":56,"column":69}},"19":{"start":{"line":57,"column":35},"end":{"line":57,"column":69}},"20":{"start":{"line":62,"column":14},"end":{"line":64,"column":15}},"21":{"start":{"line":68,"column":14},"end":{"line":72,"column":15}},"22":{"start":{"line":76,"column":14},"end":{"line":80,"column":15}},"23":{"start":{"line":84,"column":14},"end":{"line":88,"column":15}},"24":{"start":{"line":92,"column":14},"end":{"line":96,"column":15}}},"fnMap":{"0":{"name":"(anonymous_0)","decl":{"start":{"line":23,"column":2},"end":{"line":23,"column":3}},"loc":{"start":{"line":23,"column":21},"end":{"line":29,"column":3}},"line":23},"1":{"name":"(anonymous_1)","decl":{"start":{"line":30,"column":2},"end":{"line":30,"column":3}},"loc":{"start":{"line":30,"column":27},"end":{"line":34,"column":3}},"line":30},"2":{"name":"(anonymous_2)","decl":{"start":{"line":35,"column":2},"end":{"line":35,"column":3}},"loc":{"start":{"line":35,"column":11},"end":{"line":102,"column":3}},"line":35},"3":{"name":"(anonymous_3)","decl":{"start":{"line":37,"column":37},"end":{"line":37,"column":38}},"loc":{"start":{"line":38,"column":6},"end":{"line":38,"column":33}},"line":38},"4":{"name":"(anonymous_4)","decl":{"start":{"line":40,"column":37},"end":{"line":40,"column":38}},"loc":{"start":{"line":41,"column":6},"end":{"line":41,"column":34}},"line":41},"5":{"name":"(anonymous_5)","decl":{"start":{"line":43,"column":35},"end":{"line":43,"column":36}},"loc":{"start":{"line":44,"column":6},"end":{"line":44,"column":31}},"line":44},"6":{"name":"(anonymous_6)","decl":{"start":{"line":46,"column":35},"end":{"line":46,"column":36}},"loc":{"start":{"line":47,"column":6},"end":{"line":47,"column":31}},"line":47},"7":{"name":"(anonymous_7)","decl":{"start":{"line":53,"column":29},"end":{"line":53,"column":30}},"loc":{"start":{"line":53,"column":35},"end":{"line":53,"column":65}},"line":53},"8":{"name":"(anonymous_8)","decl":{"start":{"line":54,"column":29},"end":{"line":54,"column":30}},"loc":{"start":{"line":54,"column":35},"end":{"line":54,"column":71}},"line":54},"9":{"name":"(anonymous_9)","decl":{"start":{"line":55,"column":29},"end":{"line":55,"column":30}},"loc":{"start":{"line":55,"column":35},"end":{"line":55,"column":72}},"line":55},"10":{"name":"(anonymous_10)","decl":{"start":{"line":56,"column":29},"end":{"line":56,"column":30}},"loc":{"start":{"line":56,"column":35},"end":{"line":56,"column":69}},"line":56},"11":{"name":"(anonymous_11)","decl":{"start":{"line":57,"column":29},"end":{"line":57,"column":30}},"loc":{"start":{"line":57,"column":35},"end":{"line":57,"column":69}},"line":57},"12":{"name":"(anonymous_12)","decl":{"start":{"line":61,"column":53},"end":{"line":61,"column":54}},"loc":{"start":{"line":61,"column":68},"end":{"line":65,"column":13}},"line":61},"13":{"name":"(anonymous_13)","decl":{"start":{"line":67,"column":61},"end":{"line":67,"column":62}},"loc":{"start":{"line":67,"column":76},"end":{"line":73,"column":13}},"line":67},"14":{"name":"(anonymous_14)","decl":{"start":{"line":75,"column":62},"end":{"line":75,"column":63}},"loc":{"start":{"line":75,"column":77},"end":{"line":81,"column":13}},"line":75},"15":{"name":"(anonymous_15)","decl":{"start":{"line":83,"column":57},"end":{"line":83,"column":58}},"loc":{"start":{"line":83,"column":72},"end":{"line":89,"column":13}},"line":83},"16":{"name":"(anonymous_16)","decl":{"start":{"line":91,"column":57},"end":{"line":91,"column":58}},"loc":{"start":{"line":91,"column":72},"end":{"line":97,"column":13}},"line":91}},"branchMap":{"0":{"loc":{"start":{"line":61,"column":13},"end":{"line":65,"column":21}},"type":"cond-expr","locations":[{"start":{"line":61,"column":41},"end":{"line":65,"column":14}},{"start":{"line":65,"column":17},"end":{"line":65,"column":21}}],"line":61},"1":{"loc":{"start":{"line":67,"column":13},"end":{"line":73,"column":21}},"type":"cond-expr","locations":[{"start":{"line":67,"column":47},"end":{"line":73,"column":14}},{"start":{"line":73,"column":17},"end":{"line":73,"column":21}}],"line":67},"2":{"loc":{"start":{"line":75,"column":13},"end":{"line":81,"column":21}},"type":"cond-expr","locations":[{"start":{"line":75,"column":48},"end":{"line":81,"column":14}},{"start":{"line":81,"column":17},"end":{"line":81,"column":21}}],"line":75},"3":{"loc":{"start":{"line":83,"column":13},"end":{"line":89,"column":21}},"type":"cond-expr","locations":[{"start":{"line":83,"column":45},"end":{"line":89,"column":14}},{"start":{"line":89,"column":17},"end":{"line":89,"column":21}}],"line":83},"4":{"loc":{"start":{"line":91,"column":13},"end":{"line":97,"column":21}},"type":"cond-expr","locations":[{"start":{"line":91,"column":45},"end":{"line":97,"column":14}},{"start":{"line":97,"column":17},"end":{"line":97,"column":21}}],"line":91}},"s":{"0":1,"1":0,"2":0,"3":0,"4":0,"5":0,"6":0,"7":0,"8":0,"9":0,"10":0,"11":0,"12":0,"13":0,"14":0,"15":0,"16":0,"17":0,"18":0,"19":0,"20":0,"21":0,"22":0,"23":0,"24":0},"f":{"0":0,"1":0,"2":0,"3":0,"4":0,"5":0,"6":0,"7":0,"8":0,"9":0,"10":0,"11":0,"12":0,"13":0,"14":0,"15":0,"16":0},"b":{"0":[0,0],"1":[0,0],"2":[0,0],"3":[0,0],"4":[0,0]},"_coverageSchema":"1a1c01bbd47fc00a2c39e90264f33305004495a9","hash":"c75f6e896015984faf58159ed346f1ac255b97e3"}
,"/Users/Taivnaa/Desktop/hack-reactor/FEC/Local-Review/client/components/App.jsx": {"path":"/Users/Taivnaa/Desktop/hack-reactor/FEC/Local-Review/client/components/App.jsx","statementMap":{"0":{"start":{"line":7,"column":18},"end":{"line":45,"column":1}},"1":{"start":{"line":47,"column":22},"end":{"line":52,"column":1}},"2":{"start":{"line":56,"column":4},"end":{"line":56,"column":17}},"3":{"start":{"line":57,"column":4},"end":{"line":60,"column":5}},"4":{"start":{"line":61,"column":4},"end":{"line":61,"column":49}},"5":{"start":{"line":62,"column":4},"end":{"line":62,"column":51}},"6":{"start":{"line":65,"column":4},"end":{"line":71,"column":49}},"7":{"start":{"line":67,"column":8},"end":{"line":69,"column":10}},"8":{"start":{"line":71,"column":20},"end":{"line":71,"column":47}},"9":{"start":{"line":74,"column":4},"end":{"line":80,"column":49}},"10":{"start":{"line":76,"column":8},"end":{"line":78,"column":10}},"11":{"start":{"line":80,"column":20},"end":{"line":80,"column":47}},"12":{"start":{"line":83,"column":4},"end":{"line":83,"column":22}},"13":{"start":{"line":84,"column":4},"end":{"line":84,"column":23}},"14":{"start":{"line":87,"column":4},"end":{"line":99,"column":5}}},"fnMap":{"0":{"name":"(anonymous_0)","decl":{"start":{"line":55,"column":2},"end":{"line":55,"column":3}},"loc":{"start":{"line":55,"column":21},"end":{"line":63,"column":3}},"line":55},"1":{"name":"(anonymous_1)","decl":{"start":{"line":64,"column":2},"end":{"line":64,"column":3}},"loc":{"start":{"line":64,"column":15},"end":{"line":72,"column":3}},"line":64},"2":{"name":"(anonymous_2)","decl":{"start":{"line":66,"column":12},"end":{"line":66,"column":13}},"loc":{"start":{"line":66,"column":35},"end":{"line":70,"column":7}},"line":66},"3":{"name":"(anonymous_3)","decl":{"start":{"line":71,"column":13},"end":{"line":71,"column":14}},"loc":{"start":{"line":71,"column":20},"end":{"line":71,"column":47}},"line":71},"4":{"name":"(anonymous_4)","decl":{"start":{"line":73,"column":2},"end":{"line":73,"column":3}},"loc":{"start":{"line":73,"column":16},"end":{"line":81,"column":3}},"line":73},"5":{"name":"(anonymous_5)","decl":{"start":{"line":75,"column":12},"end":{"line":75,"column":13}},"loc":{"start":{"line":75,"column":36},"end":{"line":79,"column":7}},"line":75},"6":{"name":"(anonymous_6)","decl":{"start":{"line":80,"column":13},"end":{"line":80,"column":14}},"loc":{"start":{"line":80,"column":20},"end":{"line":80,"column":47}},"line":80},"7":{"name":"(anonymous_7)","decl":{"start":{"line":82,"column":2},"end":{"line":82,"column":3}},"loc":{"start":{"line":82,"column":22},"end":{"line":85,"column":3}},"line":82},"8":{"name":"(anonymous_8)","decl":{"start":{"line":86,"column":2},"end":{"line":86,"column":3}},"loc":{"start":{"line":86,"column":11},"end":{"line":100,"column":3}},"line":86}},"branchMap":{},"s":{"0":1,"1":1,"2":1,"3":1,"4":1,"5":1,"6":1,"7":0,"8":0,"9":1,"10":0,"11":0,"12":1,"13":1,"14":1},"f":{"0":1,"1":1,"2":0,"3":0,"4":1,"5":0,"6":0,"7":1,"8":1},"b":{},"_coverageSchema":"1a1c01bbd47fc00a2c39e90264f33305004495a9","hash":"418eacfc1a71eb5d967bffb8e5ee2b295d4163e4"}
,"/Users/Taivnaa/Desktop/hack-reactor/FEC/Local-Review/client/components/FeatureItem.jsx": {"path":"/Users/Taivnaa/Desktop/hack-reactor/FEC/Local-Review/client/components/FeatureItem.jsx","statementMap":{"0":{"start":{"line":22,"column":19},"end":{"line":62,"column":1}},"1":{"start":{"line":64,"column":20},"end":{"line":108,"column":1}},"2":{"start":{"line":65,"column":27},"end":{"line":68,"column":3}},"3":{"start":{"line":66,"column":18},"end":{"line":66,"column":21}},"4":{"start":{"line":67,"column":4},"end":{"line":67,"column":43}},"5":{"start":{"line":69,"column":16},"end":{"line":89,"column":3}},"6":{"start":{"line":70,"column":4},"end":{"line":88,"column":5}},"7":{"start":{"line":71,"column":6},"end":{"line":71,"column":38}},"8":{"start":{"line":71,"column":23},"end":{"line":71,"column":38}},"9":{"start":{"line":72,"column":6},"end":{"line":72,"column":47}},"10":{"start":{"line":72,"column":23},"end":{"line":72,"column":47}},"11":{"start":{"line":73,"column":6},"end":{"line":73,"column":45}},"12":{"start":{"line":73,"column":23},"end":{"line":73,"column":45}},"13":{"start":{"line":74,"column":6},"end":{"line":74,"column":39}},"14":{"start":{"line":74,"column":23},"end":{"line":74,"column":39}},"15":{"start":{"line":75,"column":6},"end":{"line":75,"column":39}},"16":{"start":{"line":75,"column":23},"end":{"line":75,"column":39}},"17":{"start":{"line":76,"column":6},"end":{"line":76,"column":46}},"18":{"start":{"line":76,"column":23},"end":{"line":76,"column":46}},"19":{"start":{"line":78,"column":6},"end":{"line":78,"column":39}},"20":{"start":{"line":78,"column":23},"end":{"line":78,"column":39}},"21":{"start":{"line":79,"column":6},"end":{"line":79,"column":42}},"22":{"start":{"line":79,"column":23},"end":{"line":79,"column":42}},"23":{"start":{"line":80,"column":6},"end":{"line":80,"column":44}},"24":{"start":{"line":80,"column":23},"end":{"line":80,"column":44}},"25":{"start":{"line":81,"column":6},"end":{"line":81,"column":40}},"26":{"start":{"line":81,"column":23},"end":{"line":81,"column":40}},"27":{"start":{"line":82,"column":6},"end":{"line":82,"column":44}},"28":{"start":{"line":82,"column":23},"end":{"line":82,"column":44}},"29":{"start":{"line":83,"column":6},"end":{"line":83,"column":42}},"30":{"start":{"line":83,"column":23},"end":{"line":83,"column":42}},"31":{"start":{"line":84,"column":6},"end":{"line":84,"column":38}},"32":{"start":{"line":84,"column":23},"end":{"line":84,"column":38}},"33":{"start":{"line":85,"column":6},"end":{"line":85,"column":43}},"34":{"start":{"line":85,"column":23},"end":{"line":85,"column":43}},"35":{"start":{"line":86,"column":6},"end":{"line":86,"column":39}},"36":{"start":{"line":86,"column":23},"end":{"line":86,"column":39}},"37":{"start":{"line":87,"column":6},"end":{"line":87,"column":41}},"38":{"start":{"line":87,"column":23},"end":{"line":87,"column":41}},"39":{"start":{"line":90,"column":2},"end":{"line":107,"column":4}},"40":{"start":{"line":95,"column":12},"end":{"line":103,"column":13}}},"fnMap":{"0":{"name":"(anonymous_0)","decl":{"start":{"line":64,"column":20},"end":{"line":64,"column":21}},"loc":{"start":{"line":64,"column":31},"end":{"line":108,"column":1}},"line":64},"1":{"name":"(anonymous_1)","decl":{"start":{"line":65,"column":27},"end":{"line":65,"column":28}},"loc":{"start":{"line":65,"column":36},"end":{"line":68,"column":3}},"line":65},"2":{"name":"(anonymous_2)","decl":{"start":{"line":69,"column":16},"end":{"line":69,"column":17}},"loc":{"start":{"line":69,"column":40},"end":{"line":89,"column":3}},"line":69},"3":{"name":"(anonymous_3)","decl":{"start":{"line":94,"column":26},"end":{"line":94,"column":27}},"loc":{"start":{"line":94,"column":39},"end":{"line":104,"column":11}},"line":94}},"branchMap":{"0":{"loc":{"start":{"line":70,"column":4},"end":{"line":88,"column":5}},"type":"if","locations":[{"start":{"line":70,"column":4},"end":{"line":88,"column":5}},{"start":{"line":70,"column":4},"end":{"line":88,"column":5}}],"line":70},"1":{"loc":{"start":{"line":71,"column":6},"end":{"line":71,"column":38}},"type":"if","locations":[{"start":{"line":71,"column":6},"end":{"line":71,"column":38}},{"start":{"line":71,"column":6},"end":{"line":71,"column":38}}],"line":71},"2":{"loc":{"start":{"line":72,"column":6},"end":{"line":72,"column":47}},"type":"if","locations":[{"start":{"line":72,"column":6},"end":{"line":72,"column":47}},{"start":{"line":72,"column":6},"end":{"line":72,"column":47}}],"line":72},"3":{"loc":{"start":{"line":73,"column":6},"end":{"line":73,"column":45}},"type":"if","locations":[{"start":{"line":73,"column":6},"end":{"line":73,"column":45}},{"start":{"line":73,"column":6},"end":{"line":73,"column":45}}],"line":73},"4":{"loc":{"start":{"line":74,"column":6},"end":{"line":74,"column":39}},"type":"if","locations":[{"start":{"line":74,"column":6},"end":{"line":74,"column":39}},{"start":{"line":74,"column":6},"end":{"line":74,"column":39}}],"line":74},"5":{"loc":{"start":{"line":75,"column":6},"end":{"line":75,"column":39}},"type":"if","locations":[{"start":{"line":75,"column":6},"end":{"line":75,"column":39}},{"start":{"line":75,"column":6},"end":{"line":75,"column":39}}],"line":75},"6":{"loc":{"start":{"line":76,"column":6},"end":{"line":76,"column":46}},"type":"if","locations":[{"start":{"line":76,"column":6},"end":{"line":76,"column":46}},{"start":{"line":76,"column":6},"end":{"line":76,"column":46}}],"line":76},"7":{"loc":{"start":{"line":78,"column":6},"end":{"line":78,"column":39}},"type":"if","locations":[{"start":{"line":78,"column":6},"end":{"line":78,"column":39}},{"start":{"line":78,"column":6},"end":{"line":78,"column":39}}],"line":78},"8":{"loc":{"start":{"line":79,"column":6},"end":{"line":79,"column":42}},"type":"if","locations":[{"start":{"line":79,"column":6},"end":{"line":79,"column":42}},{"start":{"line":79,"column":6},"end":{"line":79,"column":42}}],"line":79},"9":{"loc":{"start":{"line":80,"column":6},"end":{"line":80,"column":44}},"type":"if","locations":[{"start":{"line":80,"column":6},"end":{"line":80,"column":44}},{"start":{"line":80,"column":6},"end":{"line":80,"column":44}}],"line":80},"10":{"loc":{"start":{"line":81,"column":6},"end":{"line":81,"column":40}},"type":"if","locations":[{"start":{"line":81,"column":6},"end":{"line":81,"column":40}},{"start":{"line":81,"column":6},"end":{"line":81,"column":40}}],"line":81},"11":{"loc":{"start":{"line":82,"column":6},"end":{"line":82,"column":44}},"type":"if","locations":[{"start":{"line":82,"column":6},"end":{"line":82,"column":44}},{"start":{"line":82,"column":6},"end":{"line":82,"column":44}}],"line":82},"12":{"loc":{"start":{"line":83,"column":6},"end":{"line":83,"column":42}},"type":"if","locations":[{"start":{"line":83,"column":6},"end":{"line":83,"column":42}},{"start":{"line":83,"column":6},"end":{"line":83,"column":42}}],"line":83},"13":{"loc":{"start":{"line":84,"column":6},"end":{"line":84,"column":38}},"type":"if","locations":[{"start":{"line":84,"column":6},"end":{"line":84,"column":38}},{"start":{"line":84,"column":6},"end":{"line":84,"column":38}}],"line":84},"14":{"loc":{"start":{"line":85,"column":6},"end":{"line":85,"column":43}},"type":"if","locations":[{"start":{"line":85,"column":6},"end":{"line":85,"column":43}},{"start":{"line":85,"column":6},"end":{"line":85,"column":43}}],"line":85},"15":{"loc":{"start":{"line":86,"column":6},"end":{"line":86,"column":39}},"type":"if","locations":[{"start":{"line":86,"column":6},"end":{"line":86,"column":39}},{"start":{"line":86,"column":6},"end":{"line":86,"column":39}}],"line":86},"16":{"loc":{"start":{"line":87,"column":6},"end":{"line":87,"column":41}},"type":"if","locations":[{"start":{"line":87,"column":6},"end":{"line":87,"column":41}},{"start":{"line":87,"column":6},"end":{"line":87,"column":41}}],"line":87},"17":{"loc":{"start":{"line":93,"column":8},"end":{"line":104,"column":19}},"type":"cond-expr","locations":[{"start":{"line":94,"column":10},"end":{"line":104,"column":12}},{"start":{"line":104,"column":15},"end":{"line":104,"column":19}}],"line":93}},"s":{"0":3,"1":3,"2":1,"3":0,"4":0,"5":1,"6":0,"7":0,"8":0,"9":0,"10":0,"11":0,"12":0,"13":0,"14":0,"15":0,"16":0,"17":0,"18":0,"19":0,"20":0,"21":0,"22":0,"23":0,"24":0,"25":0,"26":0,"27":0,"28":0,"29":0,"30":0,"31":0,"32":0,"33":0,"34":0,"35":0,"36":0,"37":0,"38":0,"39":1,"40":0},"f":{"0":1,"1":0,"2":0,"3":0},"b":{"0":[0,0],"1":[0,0],"2":[0,0],"3":[0,0],"4":[0,0],"5":[0,0],"6":[0,0],"7":[0,0],"8":[0,0],"9":[0,0],"10":[0,0],"11":[0,0],"12":[0,0],"13":[0,0],"14":[0,0],"15":[0,0],"16":[0,0],"17":[0,1]},"_coverageSchema":"1a1c01bbd47fc00a2c39e90264f33305004495a9","hash":"f6e892663331a1f94f3e28b9a411382dfd638fed"}
,"/Users/Taivnaa/Desktop/hack-reactor/FEC/Local-Review/client/components/Features.jsx": {"path":"/Users/Taivnaa/Desktop/hack-reactor/FEC/Local-Review/client/components/Features.jsx","statementMap":{"0":{"start":{"line":5,"column":23},"end":{"line":8,"column":1}},"1":{"start":{"line":10,"column":21},"end":{"line":35,"column":1}},"2":{"start":{"line":39,"column":4},"end":{"line":39,"column":17}},"3":{"start":{"line":40,"column":4},"end":{"line":42,"column":6}},"4":{"start":{"line":43,"column":4},"end":{"line":43,"column":55}},"5":{"start":{"line":47,"column":4},"end":{"line":49,"column":6}},"6":{"start":{"line":52,"column":16},"end":{"line":52,"column":35}},"7":{"start":{"line":53,"column":4},"end":{"line":58,"column":5}},"8":{"start":{"line":54,"column":6},"end":{"line":57,"column":8}},"9":{"start":{"line":61,"column":18},"end":{"line":61,"column":20}},"10":{"start":{"line":62,"column":21},"end":{"line":62,"column":23}},"11":{"start":{"line":63,"column":4},"end":{"line":66,"column":5}},"12":{"start":{"line":64,"column":6},"end":{"line":64,"column":48}},"13":{"start":{"line":65,"column":6},"end":{"line":65,"column":48}},"14":{"start":{"line":67,"column":4},"end":{"line":75,"column":5}}},"fnMap":{"0":{"name":"(anonymous_0)","decl":{"start":{"line":38,"column":2},"end":{"line":38,"column":3}},"loc":{"start":{"line":38,"column":21},"end":{"line":44,"column":3}},"line":38},"1":{"name":"(anonymous_1)","decl":{"start":{"line":46,"column":2},"end":{"line":46,"column":3}},"loc":{"start":{"line":46,"column":18},"end":{"line":50,"column":3}},"line":46},"2":{"name":"(anonymous_2)","decl":{"start":{"line":51,"column":2},"end":{"line":51,"column":3}},"loc":{"start":{"line":51,"column":22},"end":{"line":59,"column":3}},"line":51},"3":{"name":"(anonymous_3)","decl":{"start":{"line":60,"column":2},"end":{"line":60,"column":3}},"loc":{"start":{"line":60,"column":11},"end":{"line":76,"column":3}},"line":60}},"branchMap":{"0":{"loc":{"start":{"line":53,"column":4},"end":{"line":58,"column":5}},"type":"if","locations":[{"start":{"line":53,"column":4},"end":{"line":58,"column":5}},{"start":{"line":53,"column":4},"end":{"line":58,"column":5}}],"line":53},"1":{"loc":{"start":{"line":63,"column":4},"end":{"line":66,"column":5}},"type":"if","locations":[{"start":{"line":63,"column":4},"end":{"line":66,"column":5}},{"start":{"line":63,"column":4},"end":{"line":66,"column":5}}],"line":63},"2":{"loc":{"start":{"line":71,"column":11},"end":{"line":71,"column":73}},"type":"cond-expr","locations":[{"start":{"line":71,"column":32},"end":{"line":71,"column":66}},{"start":{"line":71,"column":69},"end":{"line":71,"column":73}}],"line":71},"3":{"loc":{"start":{"line":73,"column":60},"end":{"line":73,"column":103}},"type":"cond-expr","locations":[{"start":{"line":73,"column":81},"end":{"line":73,"column":91}},{"start":{"line":73,"column":94},"end":{"line":73,"column":103}}],"line":73}},"s":{"0":2,"1":2,"2":1,"3":1,"4":1,"5":0,"6":1,"7":1,"8":0,"9":1,"10":1,"11":1,"12":0,"13":0,"14":1},"f":{"0":1,"1":0,"2":1,"3":1},"b":{"0":[0,1],"1":[0,1],"2":[0,1],"3":[0,1]},"_coverageSchema":"1a1c01bbd47fc00a2c39e90264f33305004495a9","hash":"c0d005188ca3265a37801d999088a53c66430abd"}
,"/Users/Taivnaa/Desktop/hack-reactor/FEC/Local-Review/client/components/NextButton.jsx": {"path":"/Users/Taivnaa/Desktop/hack-reactor/FEC/Local-Review/client/components/NextButton.jsx","statementMap":{"0":{"start":{"line":4,"column":21},"end":{"line":27,"column":1}},"1":{"start":{"line":29,"column":18},"end":{"line":32,"column":1}},"2":{"start":{"line":34,"column":22},"end":{"line":36,"column":1}},"3":{"start":{"line":38,"column":19},"end":{"line":45,"column":1}},"4":{"start":{"line":39,"column":2},"end":{"line":44,"column":17}}},"fnMap":{"0":{"name":"(anonymous_0)","decl":{"start":{"line":38,"column":19},"end":{"line":38,"column":20}},"loc":{"start":{"line":39,"column":2},"end":{"line":44,"column":17}},"line":39}},"branchMap":{"0":{"loc":{"start":{"line":40,"column":5},"end":{"line":43,"column":18}},"type":"cond-expr","locations":[{"start":{"line":40,"column":19},"end":{"line":41,"column":10}},{"start":{"line":41,"column":13},"end":{"line":43,"column":18}}],"line":40}},"s":{"0":1,"1":1,"2":1,"3":1,"4":0},"f":{"0":0},"b":{"0":[0,0]},"_coverageSchema":"1a1c01bbd47fc00a2c39e90264f33305004495a9","hash":"e48aace31b0f1e2f3688a42adced7c14024aa244"}
,"/Users/Taivnaa/Desktop/hack-reactor/FEC/Local-Review/client/components/PrevButton.jsx": {"path":"/Users/Taivnaa/Desktop/hack-reactor/FEC/Local-Review/client/components/PrevButton.jsx","statementMap":{"0":{"start":{"line":4,"column":21},"end":{"line":19,"column":1}},"1":{"start":{"line":21,"column":18},"end":{"line":24,"column":1}},"2":{"start":{"line":26,"column":22},"end":{"line":28,"column":1}},"3":{"start":{"line":30,"column":19},"end":{"line":36,"column":1}},"4":{"start":{"line":31,"column":2},"end":{"line":35,"column":17}}},"fnMap":{"0":{"name":"(anonymous_0)","decl":{"start":{"line":30,"column":19},"end":{"line":30,"column":20}},"loc":{"start":{"line":31,"column":2},"end":{"line":35,"column":17}},"line":31}},"branchMap":{},"s":{"0":1,"1":1,"2":1,"3":1,"4":0},"f":{"0":0},"b":{},"_coverageSchema":"1a1c01bbd47fc00a2c39e90264f33305004495a9","hash":"c68e191dbd1f7b5e2152936858400ec2d67e007b"}
,"/Users/Taivnaa/Desktop/hack-reactor/FEC/Local-Review/client/components/ReviewItem.jsx": {"path":"/Users/Taivnaa/Desktop/hack-reactor/FEC/Local-Review/client/components/ReviewItem.jsx","statementMap":{"0":{"start":{"line":5,"column":21},"end":{"line":27,"column":1}},"1":{"start":{"line":29,"column":19},"end":{"line":45,"column":1}},"2":{"start":{"line":30,"column":15},"end":{"line":30,"column":34}},"3":{"start":{"line":31,"column":13},"end":{"line":31,"column":29}},"4":{"start":{"line":32,"column":2},"end":{"line":44,"column":3}},"5":{"start":{"line":33,"column":33},"end":{"line":33,"column":51}}},"fnMap":{"0":{"name":"(anonymous_0)","decl":{"start":{"line":29,"column":19},"end":{"line":29,"column":20}},"loc":{"start":{"line":29,"column":30},"end":{"line":45,"column":1}},"line":29},"1":{"name":"(anonymous_1)","decl":{"start":{"line":33,"column":27},"end":{"line":33,"column":28}},"loc":{"start":{"line":33,"column":33},"end":{"line":33,"column":51}},"line":33}},"branchMap":{"0":{"loc":{"start":{"line":37,"column":9},"end":{"line":37,"column":64}},"type":"cond-expr","locations":[{"start":{"line":37,"column":42},"end":{"line":37,"column":52}},{"start":{"line":37,"column":55},"end":{"line":37,"column":64}}],"line":37}},"s":{"0":1,"1":1,"2":0,"3":0,"4":0,"5":0},"f":{"0":0,"1":0},"b":{"0":[0,0]},"_coverageSchema":"1a1c01bbd47fc00a2c39e90264f33305004495a9","hash":"8034173d596394195df6403a3c78be0f06075e1e"}
,"/Users/Taivnaa/Desktop/hack-reactor/FEC/Local-Review/client/components/Reviews.jsx": {"path":"/Users/Taivnaa/Desktop/hack-reactor/FEC/Local-Review/client/components/Reviews.jsx","statementMap":{"0":{"start":{"line":11,"column":22},"end":{"line":110,"column":1}},"1":{"start":{"line":76,"column":26},"end":{"line":76,"column":67}},"2":{"start":{"line":114,"column":4},"end":{"line":114,"column":17}},"3":{"start":{"line":115,"column":4},"end":{"line":120,"column":6}},"4":{"start":{"line":121,"column":4},"end":{"line":121,"column":65}},"5":{"start":{"line":122,"column":4},"end":{"line":122,"column":57}},"6":{"start":{"line":123,"column":4},"end":{"line":123,"column":79}},"7":{"start":{"line":126,"column":4},"end":{"line":128,"column":6}},"8":{"start":{"line":131,"column":4},"end":{"line":133,"column":6}},"9":{"start":{"line":136,"column":4},"end":{"line":146,"column":8}},"10":{"start":{"line":138,"column":8},"end":{"line":141,"column":10}},"11":{"start":{"line":142,"column":8},"end":{"line":142,"column":48}},"12":{"start":{"line":145,"column":8},"end":{"line":145,"column":34}},"13":{"start":{"line":149,"column":16},"end":{"line":149,"column":34}},"14":{"start":{"line":150,"column":22},"end":{"line":152,"column":6}},"15":{"start":{"line":151,"column":6},"end":{"line":151,"column":33}},"16":{"start":{"line":153,"column":22},"end":{"line":155,"column":6}},"17":{"start":{"line":154,"column":6},"end":{"line":154,"column":34}},"18":{"start":{"line":156,"column":20},"end":{"line":158,"column":6}},"19":{"start":{"line":157,"column":6},"end":{"line":157,"column":31}},"20":{"start":{"line":159,"column":20},"end":{"line":161,"column":6}},"21":{"start":{"line":160,"column":6},"end":{"line":160,"column":31}},"22":{"start":{"line":162,"column":4},"end":{"line":239,"column":5}},"23":{"start":{"line":174,"column":42},"end":{"line":174,"column":72}},"24":{"start":{"line":175,"column":42},"end":{"line":175,"column":78}},"25":{"start":{"line":176,"column":42},"end":{"line":176,"column":79}},"26":{"start":{"line":177,"column":42},"end":{"line":177,"column":76}},"27":{"start":{"line":178,"column":42},"end":{"line":178,"column":76}},"28":{"start":{"line":184,"column":18},"end":{"line":188,"column":19}},"29":{"start":{"line":192,"column":18},"end":{"line":196,"column":19}},"30":{"start":{"line":200,"column":18},"end":{"line":204,"column":19}},"31":{"start":{"line":208,"column":18},"end":{"line":212,"column":19}},"32":{"start":{"line":216,"column":18},"end":{"line":220,"column":19}},"33":{"start":{"line":227,"column":12},"end":{"line":227,"column":46}},"34":{"start":{"line":228,"column":12},"end":{"line":230,"column":14}},"35":{"start":{"line":233,"column":12},"end":{"line":235,"column":14}}},"fnMap":{"0":{"name":"(anonymous_0)","decl":{"start":{"line":76,"column":17},"end":{"line":76,"column":18}},"loc":{"start":{"line":76,"column":26},"end":{"line":76,"column":67}},"line":76},"1":{"name":"(anonymous_1)","decl":{"start":{"line":113,"column":2},"end":{"line":113,"column":3}},"loc":{"start":{"line":113,"column":21},"end":{"line":124,"column":3}},"line":113},"2":{"name":"(anonymous_2)","decl":{"start":{"line":125,"column":2},"end":{"line":125,"column":3}},"loc":{"start":{"line":125,"column":27},"end":{"line":129,"column":3}},"line":125},"3":{"name":"(anonymous_3)","decl":{"start":{"line":130,"column":2},"end":{"line":130,"column":3}},"loc":{"start":{"line":130,"column":30},"end":{"line":134,"column":3}},"line":130},"4":{"name":"(anonymous_4)","decl":{"start":{"line":135,"column":2},"end":{"line":135,"column":3}},"loc":{"start":{"line":135,"column":21},"end":{"line":147,"column":3}},"line":135},"5":{"name":"(anonymous_5)","decl":{"start":{"line":137,"column":12},"end":{"line":137,"column":13}},"loc":{"start":{"line":137,"column":22},"end":{"line":143,"column":7}},"line":137},"6":{"name":"(anonymous_6)","decl":{"start":{"line":144,"column":13},"end":{"line":144,"column":14}},"loc":{"start":{"line":144,"column":20},"end":{"line":146,"column":7}},"line":144},"7":{"name":"(anonymous_7)","decl":{"start":{"line":148,"column":2},"end":{"line":148,"column":3}},"loc":{"start":{"line":148,"column":11},"end":{"line":240,"column":3}},"line":148},"8":{"name":"(anonymous_8)","decl":{"start":{"line":150,"column":48},"end":{"line":150,"column":49}},"loc":{"start":{"line":151,"column":6},"end":{"line":151,"column":33}},"line":151},"9":{"name":"(anonymous_9)","decl":{"start":{"line":153,"column":48},"end":{"line":153,"column":49}},"loc":{"start":{"line":154,"column":6},"end":{"line":154,"column":34}},"line":154},"10":{"name":"(anonymous_10)","decl":{"start":{"line":156,"column":46},"end":{"line":156,"column":47}},"loc":{"start":{"line":157,"column":6},"end":{"line":157,"column":31}},"line":157},"11":{"name":"(anonymous_11)","decl":{"start":{"line":159,"column":46},"end":{"line":159,"column":47}},"loc":{"start":{"line":160,"column":6},"end":{"line":160,"column":31}},"line":160},"12":{"name":"(anonymous_12)","decl":{"start":{"line":174,"column":36},"end":{"line":174,"column":37}},"loc":{"start":{"line":174,"column":42},"end":{"line":174,"column":72}},"line":174},"13":{"name":"(anonymous_13)","decl":{"start":{"line":175,"column":36},"end":{"line":175,"column":37}},"loc":{"start":{"line":175,"column":42},"end":{"line":175,"column":78}},"line":175},"14":{"name":"(anonymous_14)","decl":{"start":{"line":176,"column":36},"end":{"line":176,"column":37}},"loc":{"start":{"line":176,"column":42},"end":{"line":176,"column":79}},"line":176},"15":{"name":"(anonymous_15)","decl":{"start":{"line":177,"column":36},"end":{"line":177,"column":37}},"loc":{"start":{"line":177,"column":42},"end":{"line":177,"column":76}},"line":177},"16":{"name":"(anonymous_16)","decl":{"start":{"line":178,"column":36},"end":{"line":178,"column":37}},"loc":{"start":{"line":178,"column":42},"end":{"line":178,"column":76}},"line":178},"17":{"name":"(anonymous_17)","decl":{"start":{"line":183,"column":53},"end":{"line":183,"column":54}},"loc":{"start":{"line":183,"column":68},"end":{"line":189,"column":17}},"line":183},"18":{"name":"(anonymous_18)","decl":{"start":{"line":191,"column":65},"end":{"line":191,"column":66}},"loc":{"start":{"line":191,"column":80},"end":{"line":197,"column":17}},"line":191},"19":{"name":"(anonymous_19)","decl":{"start":{"line":199,"column":66},"end":{"line":199,"column":67}},"loc":{"start":{"line":199,"column":81},"end":{"line":205,"column":17}},"line":199},"20":{"name":"(anonymous_20)","decl":{"start":{"line":207,"column":61},"end":{"line":207,"column":62}},"loc":{"start":{"line":207,"column":76},"end":{"line":213,"column":17}},"line":207},"21":{"name":"(anonymous_21)","decl":{"start":{"line":215,"column":61},"end":{"line":215,"column":62}},"loc":{"start":{"line":215,"column":76},"end":{"line":221,"column":17}},"line":215},"22":{"name":"(anonymous_22)","decl":{"start":{"line":226,"column":64},"end":{"line":226,"column":65}},"loc":{"start":{"line":226,"column":70},"end":{"line":231,"column":11}},"line":226},"23":{"name":"(anonymous_23)","decl":{"start":{"line":232,"column":49},"end":{"line":232,"column":50}},"loc":{"start":{"line":232,"column":55},"end":{"line":236,"column":11}},"line":232}},"branchMap":{"0":{"loc":{"start":{"line":76,"column":26},"end":{"line":76,"column":67}},"type":"cond-expr","locations":[{"start":{"line":76,"column":40},"end":{"line":76,"column":60}},{"start":{"line":76,"column":63},"end":{"line":76,"column":67}}],"line":76},"1":{"loc":{"start":{"line":183,"column":17},"end":{"line":189,"column":25}},"type":"cond-expr","locations":[{"start":{"line":183,"column":45},"end":{"line":189,"column":18}},{"start":{"line":189,"column":21},"end":{"line":189,"column":25}}],"line":183},"2":{"loc":{"start":{"line":191,"column":17},"end":{"line":197,"column":25}},"type":"cond-expr","locations":[{"start":{"line":191,"column":51},"end":{"line":197,"column":18}},{"start":{"line":197,"column":21},"end":{"line":197,"column":25}}],"line":191},"3":{"loc":{"start":{"line":199,"column":17},"end":{"line":205,"column":25}},"type":"cond-expr","locations":[{"start":{"line":199,"column":52},"end":{"line":205,"column":18}},{"start":{"line":205,"column":21},"end":{"line":205,"column":25}}],"line":199},"4":{"loc":{"start":{"line":207,"column":17},"end":{"line":213,"column":25}},"type":"cond-expr","locations":[{"start":{"line":207,"column":49},"end":{"line":213,"column":18}},{"start":{"line":213,"column":21},"end":{"line":213,"column":25}}],"line":207},"5":{"loc":{"start":{"line":215,"column":17},"end":{"line":221,"column":25}},"type":"cond-expr","locations":[{"start":{"line":215,"column":49},"end":{"line":221,"column":18}},{"start":{"line":221,"column":21},"end":{"line":221,"column":25}}],"line":215},"6":{"loc":{"start":{"line":232,"column":11},"end":{"line":236,"column":22}},"type":"cond-expr","locations":[{"start":{"line":232,"column":30},"end":{"line":236,"column":15}},{"start":{"line":236,"column":18},"end":{"line":236,"column":22}}],"line":232}},"s":{"0":1,"1":0,"2":0,"3":0,"4":0,"5":0,"6":0,"7":0,"8":0,"9":0,"10":0,"11":0,"12":0,"13":0,"14":0,"15":0,"16":0,"17":0,"18":0,"19":0,"20":0,"21":0,"22":0,"23":0,"24":0,"25":0,"26":0,"27":0,"28":0,"29":0,"30":0,"31":0,"32":0,"33":0,"34":0,"35":0},"f":{"0":0,"1":0,"2":0,"3":0,"4":0,"5":0,"6":0,"7":0,"8":0,"9":0,"10":0,"11":0,"12":0,"13":0,"14":0,"15":0,"16":0,"17":0,"18":0,"19":0,"20":0,"21":0,"22":0,"23":0},"b":{"0":[0,0],"1":[0,0],"2":[0,0],"3":[0,0],"4":[0,0],"5":[0,0],"6":[0,0]},"_coverageSchema":"1a1c01bbd47fc00a2c39e90264f33305004495a9","hash":"72f245a897753ce250c7bf3da29989994c20cabc"}
,"/Users/Taivnaa/Desktop/hack-reactor/FEC/Local-Review/client/components/SingleReview.jsx": {"path":"/Users/Taivnaa/Desktop/hack-reactor/FEC/Local-Review/client/components/SingleReview.jsx","statementMap":{"0":{"start":{"line":6,"column":21},"end":{"line":36,"column":1}},"1":{"start":{"line":38,"column":21},"end":{"line":55,"column":1}},"2":{"start":{"line":39,"column":15},"end":{"line":39,"column":34}},"3":{"start":{"line":40,"column":2},"end":{"line":54,"column":3}}},"fnMap":{"0":{"name":"(anonymous_0)","decl":{"start":{"line":38,"column":21},"end":{"line":38,"column":22}},"loc":{"start":{"line":38,"column":32},"end":{"line":55,"column":1}},"line":38}},"branchMap":{"0":{"loc":{"start":{"line":46,"column":11},"end":{"line":46,"column":66}},"type":"cond-expr","locations":[{"start":{"line":46,"column":44},"end":{"line":46,"column":54}},{"start":{"line":46,"column":57},"end":{"line":46,"column":66}}],"line":46}},"s":{"0":1,"1":1,"2":0,"3":0},"f":{"0":0},"b":{"0":[0,0]},"_coverageSchema":"1a1c01bbd47fc00a2c39e90264f33305004495a9","hash":"024f2e14e73d0bb81a7f66b1acdbde5548bcf901"}
,"/Users/Taivnaa/Desktop/hack-reactor/FEC/Local-Review/client/components/Logos/Car.jsx": {"path":"/Users/Taivnaa/Desktop/hack-reactor/FEC/Local-Review/client/components/Logos/Car.jsx","statementMap":{"0":{"start":{"line":4,"column":22},"end":{"line":7,"column":1}},"1":{"start":{"line":9,"column":18},"end":{"line":12,"column":1}},"2":{"start":{"line":14,"column":22},"end":{"line":16,"column":1}},"3":{"start":{"line":18,"column":12},"end":{"line":24,"column":1}},"4":{"start":{"line":19,"column":2},"end":{"line":23,"column":18}}},"fnMap":{"0":{"name":"(anonymous_0)","decl":{"start":{"line":18,"column":12},"end":{"line":18,"column":13}},"loc":{"start":{"line":19,"column":2},"end":{"line":23,"column":18}},"line":19}},"branchMap":{},"s":{"0":3,"1":3,"2":3,"3":3,"4":0},"f":{"0":0},"b":{},"_coverageSchema":"1a1c01bbd47fc00a2c39e90264f33305004495a9","hash":"270d83b4ff903fdddecd72ae6b9984bd1bf8faca"}
,"/Users/Taivnaa/Desktop/hack-reactor/FEC/Local-Review/client/components/Logos/Cart.jsx": {"path":"/Users/Taivnaa/Desktop/hack-reactor/FEC/Local-Review/client/components/Logos/Cart.jsx","statementMap":{"0":{"start":{"line":4,"column":22},"end":{"line":7,"column":1}},"1":{"start":{"line":9,"column":18},"end":{"line":12,"column":1}},"2":{"start":{"line":14,"column":22},"end":{"line":16,"column":1}},"3":{"start":{"line":18,"column":13},"end":{"line":24,"column":1}},"4":{"start":{"line":19,"column":2},"end":{"line":23,"column":18}}},"fnMap":{"0":{"name":"(anonymous_0)","decl":{"start":{"line":18,"column":13},"end":{"line":18,"column":14}},"loc":{"start":{"line":19,"column":2},"end":{"line":23,"column":18}},"line":19}},"branchMap":{},"s":{"0":3,"1":3,"2":3,"3":3,"4":0},"f":{"0":0},"b":{},"_coverageSchema":"1a1c01bbd47fc00a2c39e90264f33305004495a9","hash":"fc3604f945efe01bbd1641d86fb707a5be7ea8ac"}
,"/Users/Taivnaa/Desktop/hack-reactor/FEC/Local-Review/client/components/Logos/Dog.jsx": {"path":"/Users/Taivnaa/Desktop/hack-reactor/FEC/Local-Review/client/components/Logos/Dog.jsx","statementMap":{"0":{"start":{"line":4,"column":22},"end":{"line":7,"column":1}},"1":{"start":{"line":9,"column":18},"end":{"line":12,"column":1}},"2":{"start":{"line":14,"column":22},"end":{"line":16,"column":1}},"3":{"start":{"line":18,"column":16},"end":{"line":24,"column":1}},"4":{"start":{"line":19,"column":2},"end":{"line":23,"column":18}}},"fnMap":{"0":{"name":"(anonymous_0)","decl":{"start":{"line":18,"column":16},"end":{"line":18,"column":17}},"loc":{"start":{"line":19,"column":2},"end":{"line":23,"column":18}},"line":19}},"branchMap":{},"s":{"0":3,"1":3,"2":3,"3":3,"4":0},"f":{"0":0},"b":{},"_coverageSchema":"1a1c01bbd47fc00a2c39e90264f33305004495a9","hash":"740edc9701e921f02b1837aacb95d027c9357213"}
,"/Users/Taivnaa/Desktop/hack-reactor/FEC/Local-Review/client/components/Logos/Events.jsx": {"path":"/Users/Taivnaa/Desktop/hack-reactor/FEC/Local-Review/client/components/Logos/Events.jsx","statementMap":{"0":{"start":{"line":4,"column":22},"end":{"line":7,"column":1}},"1":{"start":{"line":9,"column":18},"end":{"line":12,"column":1}},"2":{"start":{"line":14,"column":22},"end":{"line":16,"column":1}},"3":{"start":{"line":18,"column":15},"end":{"line":24,"column":1}},"4":{"start":{"line":19,"column":2},"end":{"line":23,"column":18}}},"fnMap":{"0":{"name":"(anonymous_0)","decl":{"start":{"line":18,"column":15},"end":{"line":18,"column":16}},"loc":{"start":{"line":19,"column":2},"end":{"line":23,"column":18}},"line":19}},"branchMap":{},"s":{"0":3,"1":3,"2":3,"3":3,"4":0},"f":{"0":0},"b":{},"_coverageSchema":"1a1c01bbd47fc00a2c39e90264f33305004495a9","hash":"544ea304d02fa9be7fe505f6c4a1d9cd9c2322b0"}
,"/Users/Taivnaa/Desktop/hack-reactor/FEC/Local-Review/client/components/Logos/Holiday.jsx": {"path":"/Users/Taivnaa/Desktop/hack-reactor/FEC/Local-Review/client/components/Logos/Holiday.jsx","statementMap":{"0":{"start":{"line":4,"column":22},"end":{"line":7,"column":1}},"1":{"start":{"line":9,"column":18},"end":{"line":12,"column":1}},"2":{"start":{"line":14,"column":22},"end":{"line":16,"column":1}},"3":{"start":{"line":18,"column":16},"end":{"line":24,"column":1}},"4":{"start":{"line":19,"column":2},"end":{"line":23,"column":18}}},"fnMap":{"0":{"name":"(anonymous_0)","decl":{"start":{"line":18,"column":16},"end":{"line":18,"column":17}},"loc":{"start":{"line":19,"column":2},"end":{"line":23,"column":18}},"line":19}},"branchMap":{},"s":{"0":3,"1":3,"2":3,"3":3,"4":0},"f":{"0":0},"b":{},"_coverageSchema":"1a1c01bbd47fc00a2c39e90264f33305004495a9","hash":"a4ec0c810ffe474fd17e9e9f02d315f1d1c05852"}
,"/Users/Taivnaa/Desktop/hack-reactor/FEC/Local-Review/client/components/Logos/HourGlass.jsx": {"path":"/Users/Taivnaa/Desktop/hack-reactor/FEC/Local-Review/client/components/Logos/HourGlass.jsx","statementMap":{"0":{"start":{"line":4,"column":22},"end":{"line":7,"column":1}},"1":{"start":{"line":9,"column":18},"end":{"line":12,"column":1}},"2":{"start":{"line":14,"column":22},"end":{"line":16,"column":1}},"3":{"start":{"line":18,"column":18},"end":{"line":24,"column":1}},"4":{"start":{"line":19,"column":2},"end":{"line":23,"column":18}}},"fnMap":{"0":{"name":"(anonymous_0)","decl":{"start":{"line":18,"column":18},"end":{"line":18,"column":19}},"loc":{"start":{"line":19,"column":2},"end":{"line":23,"column":18}},"line":19}},"branchMap":{},"s":{"0":3,"1":3,"2":3,"3":3,"4":0},"f":{"0":0},"b":{},"_coverageSchema":"1a1c01bbd47fc00a2c39e90264f33305004495a9","hash":"137c0252c9bc72c95d600244faf74354dd4d1ed2"}
,"/Users/Taivnaa/Desktop/hack-reactor/FEC/Local-Review/client/components/Logos/Like.jsx": {"path":"/Users/Taivnaa/Desktop/hack-reactor/FEC/Local-Review/client/components/Logos/Like.jsx","statementMap":{"0":{"start":{"line":4,"column":22},"end":{"line":7,"column":1}},"1":{"start":{"line":9,"column":18},"end":{"line":12,"column":1}},"2":{"start":{"line":14,"column":22},"end":{"line":16,"column":1}},"3":{"start":{"line":18,"column":17},"end":{"line":24,"column":1}},"4":{"start":{"line":19,"column":2},"end":{"line":23,"column":18}}},"fnMap":{"0":{"name":"(anonymous_0)","decl":{"start":{"line":18,"column":17},"end":{"line":18,"column":18}},"loc":{"start":{"line":19,"column":2},"end":{"line":23,"column":18}},"line":19}},"branchMap":{},"s":{"0":3,"1":3,"2":3,"3":3,"4":0},"f":{"0":0},"b":{},"_coverageSchema":"1a1c01bbd47fc00a2c39e90264f33305004495a9","hash":"d32d42697353c80d2199b69f8ee0bf02fa6ae584"}
,"/Users/Taivnaa/Desktop/hack-reactor/FEC/Local-Review/client/components/Logos/Moon.jsx": {"path":"/Users/Taivnaa/Desktop/hack-reactor/FEC/Local-Review/client/components/Logos/Moon.jsx","statementMap":{"0":{"start":{"line":4,"column":22},"end":{"line":7,"column":1}},"1":{"start":{"line":9,"column":18},"end":{"line":12,"column":1}},"2":{"start":{"line":14,"column":22},"end":{"line":16,"column":1}},"3":{"start":{"line":18,"column":13},"end":{"line":24,"column":1}},"4":{"start":{"line":19,"column":2},"end":{"line":23,"column":18}}},"fnMap":{"0":{"name":"(anonymous_0)","decl":{"start":{"line":18,"column":13},"end":{"line":18,"column":14}},"loc":{"start":{"line":19,"column":2},"end":{"line":23,"column":18}},"line":19}},"branchMap":{},"s":{"0":3,"1":3,"2":3,"3":3,"4":0},"f":{"0":0},"b":{},"_coverageSchema":"1a1c01bbd47fc00a2c39e90264f33305004495a9","hash":"99dbe45fd380d614b45fb5878f2c166211811c27"}
,"/Users/Taivnaa/Desktop/hack-reactor/FEC/Local-Review/client/components/Logos/Neighbors.jsx": {"path":"/Users/Taivnaa/Desktop/hack-reactor/FEC/Local-Review/client/components/Logos/Neighbors.jsx","statementMap":{"0":{"start":{"line":4,"column":22},"end":{"line":7,"column":1}},"1":{"start":{"line":9,"column":18},"end":{"line":12,"column":1}},"2":{"start":{"line":14,"column":22},"end":{"line":16,"column":1}},"3":{"start":{"line":18,"column":18},"end":{"line":24,"column":1}},"4":{"start":{"line":19,"column":2},"end":{"line":23,"column":18}}},"fnMap":{"0":{"name":"(anonymous_0)","decl":{"start":{"line":18,"column":18},"end":{"line":18,"column":19}},"loc":{"start":{"line":19,"column":2},"end":{"line":23,"column":18}},"line":19}},"branchMap":{},"s":{"0":3,"1":3,"2":3,"3":3,"4":0},"f":{"0":0},"b":{},"_coverageSchema":"1a1c01bbd47fc00a2c39e90264f33305004495a9","hash":"18a344ae6b88fc7ec6642baf48db01629b846b44"}
,"/Users/Taivnaa/Desktop/hack-reactor/FEC/Local-Review/client/components/Logos/Parking.jsx": {"path":"/Users/Taivnaa/Desktop/hack-reactor/FEC/Local-Review/client/components/Logos/Parking.jsx","statementMap":{"0":{"start":{"line":4,"column":22},"end":{"line":7,"column":1}},"1":{"start":{"line":9,"column":18},"end":{"line":12,"column":1}},"2":{"start":{"line":14,"column":22},"end":{"line":16,"column":1}},"3":{"start":{"line":18,"column":16},"end":{"line":24,"column":1}},"4":{"start":{"line":19,"column":2},"end":{"line":23,"column":18}}},"fnMap":{"0":{"name":"(anonymous_0)","decl":{"start":{"line":18,"column":16},"end":{"line":18,"column":17}},"loc":{"start":{"line":19,"column":2},"end":{"line":23,"column":18}},"line":19}},"branchMap":{},"s":{"0":3,"1":3,"2":3,"3":3,"4":0},"f":{"0":0},"b":{},"_coverageSchema":"1a1c01bbd47fc00a2c39e90264f33305004495a9","hash":"564d9ad90275893ae3e634da8e4197ceb3ac70a1"}
,"/Users/Taivnaa/Desktop/hack-reactor/FEC/Local-Review/client/components/Logos/Play.jsx": {"path":"/Users/Taivnaa/Desktop/hack-reactor/FEC/Local-Review/client/components/Logos/Play.jsx","statementMap":{"0":{"start":{"line":4,"column":22},"end":{"line":7,"column":1}},"1":{"start":{"line":9,"column":18},"end":{"line":12,"column":1}},"2":{"start":{"line":14,"column":22},"end":{"line":16,"column":1}},"3":{"start":{"line":18,"column":13},"end":{"line":24,"column":1}},"4":{"start":{"line":19,"column":2},"end":{"line":23,"column":18}}},"fnMap":{"0":{"name":"(anonymous_0)","decl":{"start":{"line":18,"column":13},"end":{"line":18,"column":14}},"loc":{"start":{"line":19,"column":2},"end":{"line":23,"column":18}},"line":19}},"branchMap":{},"s":{"0":3,"1":3,"2":3,"3":3,"4":0},"f":{"0":0},"b":{},"_coverageSchema":"1a1c01bbd47fc00a2c39e90264f33305004495a9","hash":"967632141939286681beff65bf4925c7dbda98c9"}
,"/Users/Taivnaa/Desktop/hack-reactor/FEC/Local-Review/client/components/Logos/Quiet.jsx": {"path":"/Users/Taivnaa/Desktop/hack-reactor/FEC/Local-Review/client/components/Logos/Quiet.jsx","statementMap":{"0":{"start":{"line":4,"column":22},"end":{"line":7,"column":1}},"1":{"start":{"line":9,"column":18},"end":{"line":12,"column":1}},"2":{"start":{"line":14,"column":22},"end":{"line":16,"column":1}},"3":{"start":{"line":18,"column":14},"end":{"line":24,"column":1}},"4":{"start":{"line":19,"column":2},"end":{"line":23,"column":18}}},"fnMap":{"0":{"name":"(anonymous_0)","decl":{"start":{"line":18,"column":14},"end":{"line":18,"column":15}},"loc":{"start":{"line":19,"column":2},"end":{"line":23,"column":18}},"line":19}},"branchMap":{},"s":{"0":3,"1":3,"2":3,"3":3,"4":0},"f":{"0":0},"b":{},"_coverageSchema":"1a1c01bbd47fc00a2c39e90264f33305004495a9","hash":"93ddc034dfb2f23b8e87ac1fa4a190f46125b7b5"}
,"/Users/Taivnaa/Desktop/hack-reactor/FEC/Local-Review/client/components/Logos/Restaurant.jsx": {"path":"/Users/Taivnaa/Desktop/hack-reactor/FEC/Local-Review/client/components/Logos/Restaurant.jsx","statementMap":{"0":{"start":{"line":4,"column":22},"end":{"line":7,"column":1}},"1":{"start":{"line":9,"column":18},"end":{"line":12,"column":1}},"2":{"start":{"line":14,"column":22},"end":{"line":16,"column":1}},"3":{"start":{"line":18,"column":19},"end":{"line":24,"column":1}},"4":{"start":{"line":19,"column":2},"end":{"line":23,"column":18}}},"fnMap":{"0":{"name":"(anonymous_0)","decl":{"start":{"line":18,"column":19},"end":{"line":18,"column":20}},"loc":{"start":{"line":19,"column":2},"end":{"line":23,"column":18}},"line":19}},"branchMap":{},"s":{"0":3,"1":3,"2":3,"3":3,"4":0},"f":{"0":0},"b":{},"_coverageSchema":"1a1c01bbd47fc00a2c39e90264f33305004495a9","hash":"0644f6ab3a8ac7f9d6f7f3e414a8606288a27e6c"}
,"/Users/Taivnaa/Desktop/hack-reactor/FEC/Local-Review/client/components/Logos/SideWalk.jsx": {"path":"/Users/Taivnaa/Desktop/hack-reactor/FEC/Local-Review/client/components/Logos/SideWalk.jsx","statementMap":{"0":{"start":{"line":4,"column":22},"end":{"line":7,"column":1}},"1":{"start":{"line":9,"column":18},"end":{"line":12,"column":1}},"2":{"start":{"line":14,"column":22},"end":{"line":16,"column":1}},"3":{"start":{"line":18,"column":21},"end":{"line":24,"column":1}},"4":{"start":{"line":19,"column":2},"end":{"line":23,"column":18}}},"fnMap":{"0":{"name":"(anonymous_0)","decl":{"start":{"line":18,"column":21},"end":{"line":18,"column":22}},"loc":{"start":{"line":19,"column":2},"end":{"line":23,"column":18}},"line":19}},"branchMap":{},"s":{"0":3,"1":3,"2":3,"3":3,"4":0},"f":{"0":0},"b":{},"_coverageSchema":"1a1c01bbd47fc00a2c39e90264f33305004495a9","hash":"3c4a14c4843ea02d7eed3f44e8b1d713cd89fddd"}
,"/Users/Taivnaa/Desktop/hack-reactor/FEC/Local-Review/client/components/Logos/StreetLight.jsx": {"path":"/Users/Taivnaa/Desktop/hack-reactor/FEC/Local-Review/client/components/Logos/StreetLight.jsx","statementMap":{"0":{"start":{"line":4,"column":22},"end":{"line":7,"column":1}},"1":{"start":{"line":9,"column":18},"end":{"line":12,"column":1}},"2":{"start":{"line":14,"column":22},"end":{"line":16,"column":1}},"3":{"start":{"line":18,"column":20},"end":{"line":24,"column":1}},"4":{"start":{"line":19,"column":2},"end":{"line":23,"column":18}}},"fnMap":{"0":{"name":"(anonymous_0)","decl":{"start":{"line":18,"column":20},"end":{"line":18,"column":21}},"loc":{"start":{"line":19,"column":2},"end":{"line":23,"column":18}},"line":19}},"branchMap":{},"s":{"0":3,"1":3,"2":3,"3":3,"4":0},"f":{"0":0},"b":{},"_coverageSchema":"1a1c01bbd47fc00a2c39e90264f33305004495a9","hash":"4f3a41c005537dbcc79c0cfbf1af34a558ee03ae"}
,"/Users/Taivnaa/Desktop/hack-reactor/FEC/Local-Review/client/components/Logos/WildLife.jsx": {"path":"/Users/Taivnaa/Desktop/hack-reactor/FEC/Local-Review/client/components/Logos/WildLife.jsx","statementMap":{"0":{"start":{"line":4,"column":22},"end":{"line":7,"column":1}},"1":{"start":{"line":9,"column":18},"end":{"line":12,"column":1}},"2":{"start":{"line":14,"column":22},"end":{"line":16,"column":1}},"3":{"start":{"line":18,"column":17},"end":{"line":24,"column":1}},"4":{"start":{"line":19,"column":2},"end":{"line":23,"column":18}}},"fnMap":{"0":{"name":"(anonymous_0)","decl":{"start":{"line":18,"column":17},"end":{"line":18,"column":18}},"loc":{"start":{"line":19,"column":2},"end":{"line":23,"column":18}},"line":19}},"branchMap":{},"s":{"0":3,"1":3,"2":3,"3":3,"4":0},"f":{"0":0},"b":{},"_coverageSchema":"1a1c01bbd47fc00a2c39e90264f33305004495a9","hash":"ae70b014d14c8183b4c439fd1f2568c25b13523e"}
,"/Users/Taivnaa/Desktop/hack-reactor/FEC/Local-Review/client/components/Logos/Yard.jsx": {"path":"/Users/Taivnaa/Desktop/hack-reactor/FEC/Local-Review/client/components/Logos/Yard.jsx","statementMap":{"0":{"start":{"line":4,"column":22},"end":{"line":7,"column":1}},"1":{"start":{"line":9,"column":18},"end":{"line":12,"column":1}},"2":{"start":{"line":14,"column":22},"end":{"line":16,"column":1}},"3":{"start":{"line":18,"column":13},"end":{"line":24,"column":1}},"4":{"start":{"line":19,"column":2},"end":{"line":23,"column":18}}},"fnMap":{"0":{"name":"(anonymous_0)","decl":{"start":{"line":18,"column":13},"end":{"line":18,"column":14}},"loc":{"start":{"line":19,"column":2},"end":{"line":23,"column":18}},"line":19}},"branchMap":{},"s":{"0":3,"1":3,"2":3,"3":3,"4":0},"f":{"0":0},"b":{},"_coverageSchema":"1a1c01bbd47fc00a2c39e90264f33305004495a9","hash":"8abfd8e40f7de3da17767d98d9c3ce5022608056"}
,"/Users/Taivnaa/Desktop/hack-reactor/FEC/Local-Review/client/components/UI/BackDrop.jsx": {"path":"/Users/Taivnaa/Desktop/hack-reactor/FEC/Local-Review/client/components/UI/BackDrop.jsx","statementMap":{"0":{"start":{"line":4,"column":23},"end":{"line":12,"column":1}},"1":{"start":{"line":14,"column":17},"end":{"line":16,"column":1}},"2":{"start":{"line":15,"column":2},"end":{"line":15,"column":64}}},"fnMap":{"0":{"name":"(anonymous_0)","decl":{"start":{"line":14,"column":17},"end":{"line":14,"column":18}},"loc":{"start":{"line":15,"column":2},"end":{"line":15,"column":64}},"line":15}},"branchMap":{"0":{"loc":{"start":{"line":15,"column":2},"end":{"line":15,"column":64}},"type":"cond-expr","locations":[{"start":{"line":15,"column":15},"end":{"line":15,"column":57}},{"start":{"line":15,"column":60},"end":{"line":15,"column":64}}],"line":15}},"s":{"0":1,"1":1,"2":0},"f":{"0":0},"b":{"0":[0,0]},"_coverageSchema":"1a1c01bbd47fc00a2c39e90264f33305004495a9","hash":"4ae1b733d903de11fcce0591b18c82238c7b415b"}
,"/Users/Taivnaa/Desktop/hack-reactor/FEC/Local-Review/client/components/UI/Modal/Modal.jsx": {"path":"/Users/Taivnaa/Desktop/hack-reactor/FEC/Local-Review/client/components/UI/Modal/Modal.jsx","statementMap":{"0":{"start":{"line":5,"column":20},"end":{"line":19,"column":1}},"1":{"start":{"line":21,"column":14},"end":{"line":28,"column":1}},"2":{"start":{"line":22,"column":2},"end":{"line":27,"column":5}}},"fnMap":{"0":{"name":"(anonymous_0)","decl":{"start":{"line":21,"column":14},"end":{"line":21,"column":15}},"loc":{"start":{"line":22,"column":2},"end":{"line":27,"column":5}},"line":22}},"branchMap":{"0":{"loc":{"start":{"line":24,"column":37},"end":{"line":24,"column":88}},"type":"cond-expr","locations":[{"start":{"line":24,"column":50},"end":{"line":24,"column":65}},{"start":{"line":24,"column":68},"end":{"line":24,"column":88}}],"line":24},"1":{"loc":{"start":{"line":24,"column":99},"end":{"line":24,"column":121}},"type":"cond-expr","locations":[{"start":{"line":24,"column":112},"end":{"line":24,"column":115}},{"start":{"line":24,"column":118},"end":{"line":24,"column":121}}],"line":24}},"s":{"0":1,"1":1,"2":0},"f":{"0":0},"b":{"0":[0,0],"1":[0,0]},"_coverageSchema":"1a1c01bbd47fc00a2c39e90264f33305004495a9","hash":"d0d31d5832c16e5e50f085053a9e7cd47ea93731"}
}
