TN:
SF:client/components/AllReview.jsx
FN:23,(anonymous_0)
FN:30,(anonymous_1)
FN:35,(anonymous_2)
FN:37,(anonymous_3)
FN:40,(anonymous_4)
FN:43,(anonymous_5)
FN:46,(anonymous_6)
FN:53,(anonymous_7)
FN:54,(anonymous_8)
FN:55,(anonymous_9)
FN:56,(anonymous_10)
FN:57,(anonymous_11)
FN:61,(anonymous_12)
FN:67,(anonymous_13)
FN:75,(anonymous_14)
FN:83,(anonymous_15)
FN:91,(anonymous_16)
FNF:17
FNH:0
FNDA:0,(anonymous_0)
FNDA:0,(anonymous_1)
FNDA:0,(anonymous_2)
FNDA:0,(anonymous_3)
FNDA:0,(anonymous_4)
FNDA:0,(anonymous_5)
FNDA:0,(anonymous_6)
FNDA:0,(anonymous_7)
FNDA:0,(anonymous_8)
FNDA:0,(anonymous_9)
FNDA:0,(anonymous_10)
FNDA:0,(anonymous_11)
FNDA:0,(anonymous_12)
FNDA:0,(anonymous_13)
FNDA:0,(anonymous_14)
FNDA:0,(anonymous_15)
FNDA:0,(anonymous_16)
DA:6,1
DA:24,0
DA:25,0
DA:28,0
DA:31,0
DA:36,0
DA:37,0
DA:38,0
DA:40,0
DA:41,0
DA:43,0
DA:44,0
DA:46,0
DA:47,0
DA:49,0
DA:53,0
DA:54,0
DA:55,0
DA:56,0
DA:57,0
DA:62,0
DA:68,0
DA:76,0
DA:84,0
DA:92,0
LF:25
LH:1
BRDA:61,0,0,0
BRDA:61,0,1,0
BRDA:67,1,0,0
BRDA:67,1,1,0
BRDA:75,2,0,0
BRDA:75,2,1,0
BRDA:83,3,0,0
BRDA:83,3,1,0
BRDA:91,4,0,0
BRDA:91,4,1,0
BRF:10
BRH:0
end_of_record
TN:
SF:client/components/App.jsx
FN:55,(anonymous_0)
FN:64,(anonymous_1)
FN:66,(anonymous_2)
FN:71,(anonymous_3)
FN:73,(anonymous_4)
FN:75,(anonymous_5)
FN:80,(anonymous_6)
FN:82,(anonymous_7)
FN:86,(anonymous_8)
FNF:9
FNH:5
FNDA:1,(anonymous_0)
FNDA:1,(anonymous_1)
FNDA:0,(anonymous_2)
FNDA:0,(anonymous_3)
FNDA:1,(anonymous_4)
FNDA:0,(anonymous_5)
FNDA:0,(anonymous_6)
FNDA:1,(anonymous_7)
FNDA:1,(anonymous_8)
DA:7,1
DA:47,1
DA:56,1
DA:57,1
DA:61,1
DA:62,1
DA:65,1
DA:67,0
DA:71,0
DA:74,1
DA:76,0
DA:80,0
DA:83,1
DA:84,1
DA:87,1
LF:15
LH:11
BRF:0
BRH:0
end_of_record
TN:
SF:client/components/FeatureItem.jsx
FN:64,(anonymous_0)
FN:65,(anonymous_1)
FN:69,(anonymous_2)
FN:94,(anonymous_3)
FNF:4
FNH:1
FNDA:1,(anonymous_0)
FNDA:0,(anonymous_1)
FNDA:0,(anonymous_2)
FNDA:0,(anonymous_3)
DA:22,3
DA:64,3
DA:65,1
DA:66,0
DA:67,0
DA:69,1
DA:70,0
DA:71,0
DA:72,0
DA:73,0
DA:74,0
DA:75,0
DA:76,0
DA:78,0
DA:79,0
DA:80,0
DA:81,0
DA:82,0
DA:83,0
DA:84,0
DA:85,0
DA:86,0
DA:87,0
DA:90,1
DA:95,0
LF:25
LH:5
BRDA:70,0,0,0
BRDA:70,0,1,0
BRDA:71,1,0,0
BRDA:71,1,1,0
BRDA:72,2,0,0
BRDA:72,2,1,0
BRDA:73,3,0,0
BRDA:73,3,1,0
BRDA:74,4,0,0
BRDA:74,4,1,0
BRDA:75,5,0,0
BRDA:75,5,1,0
BRDA:76,6,0,0
BRDA:76,6,1,0
BRDA:78,7,0,0
BRDA:78,7,1,0
BRDA:79,8,0,0
BRDA:79,8,1,0
BRDA:80,9,0,0
BRDA:80,9,1,0
BRDA:81,10,0,0
BRDA:81,10,1,0
BRDA:82,11,0,0
BRDA:82,11,1,0
BRDA:83,12,0,0
BRDA:83,12,1,0
BRDA:84,13,0,0
BRDA:84,13,1,0
BRDA:85,14,0,0
BRDA:85,14,1,0
BRDA:86,15,0,0
BRDA:86,15,1,0
BRDA:87,16,0,0
BRDA:87,16,1,0
BRDA:93,17,0,0
BRDA:93,17,1,1
BRF:36
BRH:1
end_of_record
TN:
SF:client/components/Features.jsx
FN:38,(anonymous_0)
FN:46,(anonymous_1)
FN:51,(anonymous_2)
FN:60,(anonymous_3)
FNF:4
FNH:3
FNDA:1,(anonymous_0)
FNDA:0,(anonymous_1)
FNDA:1,(anonymous_2)
FNDA:1,(anonymous_3)
DA:5,2
DA:10,2
DA:39,1
DA:40,1
DA:43,1
DA:47,0
DA:52,1
DA:53,1
DA:54,0
DA:61,1
DA:62,1
DA:63,1
DA:64,0
DA:65,0
DA:67,1
LF:15
LH:11
BRDA:53,0,0,0
BRDA:53,0,1,1
BRDA:63,1,0,0
BRDA:63,1,1,1
BRDA:71,2,0,0
BRDA:71,2,1,1
BRDA:73,3,0,0
BRDA:73,3,1,1
BRF:8
BRH:4
end_of_record
TN:
SF:client/components/NextButton.jsx
FN:38,(anonymous_0)
FNF:1
FNH:0
FNDA:0,(anonymous_0)
DA:4,1
DA:29,1
DA:34,1
DA:38,1
DA:39,0
LF:5
LH:4
BRDA:40,0,0,0
BRDA:40,0,1,0
BRF:2
BRH:0
end_of_record
TN:
SF:client/components/PrevButton.jsx
FN:30,(anonymous_0)
FNF:1
FNH:0
FNDA:0,(anonymous_0)
DA:4,1
DA:21,1
DA:26,1
DA:30,1
DA:31,0
LF:5
LH:4
BRF:0
BRH:0
end_of_record
TN:
SF:client/components/ReviewItem.jsx
FN:29,(anonymous_0)
FN:33,(anonymous_1)
FNF:2
FNH:0
FNDA:0,(anonymous_0)
FNDA:0,(anonymous_1)
DA:5,1
DA:29,1
DA:30,0
DA:31,0
DA:32,0
DA:33,0
LF:6
LH:2
BRDA:37,0,0,0
BRDA:37,0,1,0
BRF:2
BRH:0
end_of_record
TN:
SF:client/components/Reviews.jsx
FN:76,(anonymous_0)
FN:113,(anonymous_1)
FN:125,(anonymous_2)
FN:130,(anonymous_3)
FN:135,(anonymous_4)
FN:137,(anonymous_5)
FN:144,(anonymous_6)
FN:148,(anonymous_7)
FN:150,(anonymous_8)
FN:153,(anonymous_9)
FN:156,(anonymous_10)
FN:159,(anonymous_11)
FN:174,(anonymous_12)
FN:175,(anonymous_13)
FN:176,(anonymous_14)
FN:177,(anonymous_15)
FN:178,(anonymous_16)
FN:183,(anonymous_17)
FN:191,(anonymous_18)
FN:199,(anonymous_19)
FN:207,(anonymous_20)
FN:215,(anonymous_21)
FN:226,(anonymous_22)
FN:232,(anonymous_23)
FNF:24
FNH:0
FNDA:0,(anonymous_0)
FNDA:0,(anonymous_1)
FNDA:0,(anonymous_2)
FNDA:0,(anonymous_3)
FNDA:0,(anonymous_4)
FNDA:0,(anonymous_5)
FNDA:0,(anonymous_6)
FNDA:0,(anonymous_7)
FNDA:0,(anonymous_8)
FNDA:0,(anonymous_9)
FNDA:0,(anonymous_10)
FNDA:0,(anonymous_11)
FNDA:0,(anonymous_12)
FNDA:0,(anonymous_13)
FNDA:0,(anonymous_14)
FNDA:0,(anonymous_15)
FNDA:0,(anonymous_16)
FNDA:0,(anonymous_17)
FNDA:0,(anonymous_18)
FNDA:0,(anonymous_19)
FNDA:0,(anonymous_20)
FNDA:0,(anonymous_21)
FNDA:0,(anonymous_22)
FNDA:0,(anonymous_23)
DA:11,1
DA:76,0
DA:114,0
DA:115,0
DA:121,0
DA:122,0
DA:123,0
DA:126,0
DA:131,0
DA:136,0
DA:138,0
DA:142,0
DA:145,0
DA:149,0
DA:150,0
DA:151,0
DA:153,0
DA:154,0
DA:156,0
DA:157,0
DA:159,0
DA:160,0
DA:162,0
DA:174,0
DA:175,0
DA:176,0
DA:177,0
DA:178,0
DA:184,0
DA:192,0
DA:200,0
DA:208,0
DA:216,0
DA:227,0
DA:228,0
DA:233,0
LF:36
LH:1
BRDA:76,0,0,0
BRDA:76,0,1,0
BRDA:183,1,0,0
BRDA:183,1,1,0
BRDA:191,2,0,0
BRDA:191,2,1,0
BRDA:199,3,0,0
BRDA:199,3,1,0
BRDA:207,4,0,0
BRDA:207,4,1,0
BRDA:215,5,0,0
BRDA:215,5,1,0
BRDA:232,6,0,0
BRDA:232,6,1,0
BRF:14
BRH:0
end_of_record
TN:
SF:client/components/SingleReview.jsx
FN:38,(anonymous_0)
FNF:1
FNH:0
FNDA:0,(anonymous_0)
DA:6,1
DA:38,1
DA:39,0
DA:40,0
LF:4
LH:2
BRDA:46,0,0,0
BRDA:46,0,1,0
BRF:2
BRH:0
end_of_record
TN:
SF:client/components/Logos/Car.jsx
FN:18,(anonymous_0)
FNF:1
FNH:0
FNDA:0,(anonymous_0)
DA:4,3
DA:9,3
DA:14,3
DA:18,3
DA:19,0
LF:5
LH:4
BRF:0
BRH:0
end_of_record
TN:
SF:client/components/Logos/Cart.jsx
FN:18,(anonymous_0)
FNF:1
FNH:0
FNDA:0,(anonymous_0)
DA:4,3
DA:9,3
DA:14,3
DA:18,3
DA:19,0
LF:5
LH:4
BRF:0
BRH:0
end_of_record
TN:
SF:client/components/Logos/Dog.jsx
FN:18,(anonymous_0)
FNF:1
FNH:0
FNDA:0,(anonymous_0)
DA:4,3
DA:9,3
DA:14,3
DA:18,3
DA:19,0
LF:5
LH:4
BRF:0
BRH:0
end_of_record
TN:
SF:client/components/Logos/Events.jsx
FN:18,(anonymous_0)
FNF:1
FNH:0
FNDA:0,(anonymous_0)
DA:4,3
DA:9,3
DA:14,3
DA:18,3
DA:19,0
LF:5
LH:4
BRF:0
BRH:0
end_of_record
TN:
SF:client/components/Logos/Holiday.jsx
FN:18,(anonymous_0)
FNF:1
FNH:0
FNDA:0,(anonymous_0)
DA:4,3
DA:9,3
DA:14,3
DA:18,3
DA:19,0
LF:5
LH:4
BRF:0
BRH:0
end_of_record
TN:
SF:client/components/Logos/HourGlass.jsx
FN:18,(anonymous_0)
FNF:1
FNH:0
FNDA:0,(anonymous_0)
DA:4,3
DA:9,3
DA:14,3
DA:18,3
DA:19,0
LF:5
LH:4
BRF:0
BRH:0
end_of_record
TN:
SF:client/components/Logos/Like.jsx
FN:18,(anonymous_0)
FNF:1
FNH:0
FNDA:0,(anonymous_0)
DA:4,3
DA:9,3
DA:14,3
DA:18,3
DA:19,0
LF:5
LH:4
BRF:0
BRH:0
end_of_record
TN:
SF:client/components/Logos/Moon.jsx
FN:18,(anonymous_0)
FNF:1
FNH:0
FNDA:0,(anonymous_0)
DA:4,3
DA:9,3
DA:14,3
DA:18,3
DA:19,0
LF:5
LH:4
BRF:0
BRH:0
end_of_record
TN:
SF:client/components/Logos/Neighbors.jsx
FN:18,(anonymous_0)
FNF:1
FNH:0
FNDA:0,(anonymous_0)
DA:4,3
DA:9,3
DA:14,3
DA:18,3
DA:19,0
LF:5
LH:4
BRF:0
BRH:0
end_of_record
TN:
SF:client/components/Logos/Parking.jsx
FN:18,(anonymous_0)
FNF:1
FNH:0
FNDA:0,(anonymous_0)
DA:4,3
DA:9,3
DA:14,3
DA:18,3
DA:19,0
LF:5
LH:4
BRF:0
BRH:0
end_of_record
TN:
SF:client/components/Logos/Play.jsx
FN:18,(anonymous_0)
FNF:1
FNH:0
FNDA:0,(anonymous_0)
DA:4,3
DA:9,3
DA:14,3
DA:18,3
DA:19,0
LF:5
LH:4
BRF:0
BRH:0
end_of_record
TN:
SF:client/components/Logos/Quiet.jsx
FN:18,(anonymous_0)
FNF:1
FNH:0
FNDA:0,(anonymous_0)
DA:4,3
DA:9,3
DA:14,3
DA:18,3
DA:19,0
LF:5
LH:4
BRF:0
BRH:0
end_of_record
TN:
SF:client/components/Logos/Restaurant.jsx
FN:18,(anonymous_0)
FNF:1
FNH:0
FNDA:0,(anonymous_0)
DA:4,3
DA:9,3
DA:14,3
DA:18,3
DA:19,0
LF:5
LH:4
BRF:0
BRH:0
end_of_record
TN:
SF:client/components/Logos/SideWalk.jsx
FN:18,(anonymous_0)
FNF:1
FNH:0
FNDA:0,(anonymous_0)
DA:4,3
DA:9,3
DA:14,3
DA:18,3
DA:19,0
LF:5
LH:4
BRF:0
BRH:0
end_of_record
TN:
SF:client/components/Logos/StreetLight.jsx
FN:18,(anonymous_0)
FNF:1
FNH:0
FNDA:0,(anonymous_0)
DA:4,3
DA:9,3
DA:14,3
DA:18,3
DA:19,0
LF:5
LH:4
BRF:0
BRH:0
end_of_record
TN:
SF:client/components/Logos/WildLife.jsx
FN:18,(anonymous_0)
FNF:1
FNH:0
FNDA:0,(anonymous_0)
DA:4,3
DA:9,3
DA:14,3
DA:18,3
DA:19,0
LF:5
LH:4
BRF:0
BRH:0
end_of_record
TN:
SF:client/components/Logos/Yard.jsx
FN:18,(anonymous_0)
FNF:1
FNH:0
FNDA:0,(anonymous_0)
DA:4,3
DA:9,3
DA:14,3
DA:18,3
DA:19,0
LF:5
LH:4
BRF:0
BRH:0
end_of_record
TN:
SF:client/components/UI/BackDrop.jsx
FN:14,(anonymous_0)
FNF:1
FNH:0
FNDA:0,(anonymous_0)
DA:4,1
DA:14,1
DA:15,0
LF:3
LH:2
BRDA:15,0,0,0
BRDA:15,0,1,0
BRF:2
BRH:0
end_of_record
TN:
SF:client/components/UI/Modal/Modal.jsx
FN:21,(anonymous_0)
FNF:1
FNH:0
FNDA:0,(anonymous_0)
DA:5,1
DA:21,1
DA:22,0
LF:3
LH:2
BRDA:24,0,0,0
BRDA:24,0,1,0
BRDA:24,1,0,0
BRDA:24,1,1,0
BRF:4
BRH:0
end_of_record
